<?xml version="1.0" encoding="UTF-8"?>
<testsuite xmlns:xsi="http://www.w3.org/2001/XMLSchema-instance" xsi:noNamespaceSchemaLocation="https://maven.apache.org/surefire/maven-surefire-plugin/xsd/surefire-test-report-3.0.xsd" version="3.0" name="com.liliana.PatientTest" time="0.589" tests="1" errors="0" skipped="0" failures="0">
  <properties>
[...]
</properties>
  <testcase name="updatePatient" classname="com.liliana.PatientTest" time="0.582">
    <system-out><![CDATA[INFO    2022-11-08 18:15:44,292 [main] com.liliana.DAO.PatientDAOH2  - El paciente fue creado.
ERROR   2022-11-08 18:15:44,357 [main] com.liliana.DAO.PatientDAOH2  - Iniciando update.
INFO    2022-11-08 18:15:44,488 [main] com.liliana.DAO.PatientDAOH2  - El paciente fue encontrado en la base de datos y esta actualizado.
]]></system-out>
  </testcase>
</testsuite>